<?xml version="1.0" encoding="UTF-8"?>
<testsuite name="org.isa.dal.MealwithDBTest" tests="1" skipped="0" failures="0" errors="0" timestamp="2020-12-17T15:44:35" hostname="LAPTOP-P11V215P" time="0.224">
  <properties/>
  <testcase name="testGetConn" classname="org.isa.dal.MealwithDBTest" time="0.224"/>
  <system-out><![CDATA[]]></system-out>
  <system-err><![CDATA[]]></system-err>
</testsuite>
